<?xml version="1.0" encoding="UTF-8"?>
<testng-results ignored="0" total="0" passed="0" failed="0" skipped="0">
  <reporter-output>
  </reporter-output>
  <suite started-at="2025-09-24T17:37:23 IST" name="Default suite" finished-at="2025-09-24T17:37:23 IST" duration-ms="40">
    <groups>
    </groups>
    <test started-at="2025-09-24T17:37:23 IST" name="Default test" finished-at="2025-09-24T17:37:23 IST" duration-ms="40">
      <class name="com.shopperstack.shopper.ViewProducts">
        <test-method is-config="true" signature="configBS()[pri:0, instance:com.shopperstack.shopper.ViewProducts@6f45df59]" started-at="2025-09-24T17:37:19 IST" name="configBS" finished-at="2025-09-24T17:37:23 IST" duration-ms="3532" status="PASS">
          <reporter-output>
          </reporter-output>
        </test-method> <!-- configBS -->
        <test-method is-config="true" signature="configAS()[pri:0, instance:com.shopperstack.shopper.ViewProducts@6f45df59]" started-at="2025-09-24T17:37:23 IST" name="configAS" finished-at="2025-09-24T17:37:23 IST" duration-ms="1" status="PASS">
          <reporter-output>
          </reporter-output>
        </test-method> <!-- configAS -->
      </class> <!-- com.shopperstack.shopper.ViewProducts -->
    </test> <!-- Default test -->
  </suite> <!-- Default suite -->
</testng-results>
